        -:    0:Source:mid.c
        -:    0:Graph:mid.gcno
        -:    0:Data:mid.gcda
        -:    0:Runs:1
        -:    0:Programs:1
        -:    1:#include <stdio.h>
        -:    2:
        1:    3:int mid(int x, int y, int z) {
        1:    4:    int m = z;
        1:    5:    if (y<z)
        -:    6:    {
        1:    7:        if (x<y)
    #####:    8:            m = y;
        1:    9:        else if (x<z)
        1:   10:            m = y;  // BUG
        -:   11:    }
        -:   12:    else {
    #####:   13:        if (x>y)
    #####:   14:            m = y;
    #####:   15:        else if (x>z)
    #####:   16:            m = x;
        -:   17:    }
        -:   18:
        1:   19:    return m;
        -:   20:
        -:   21:}
        -:   22:
        1:   23:int main() {
        -:   24:    int x, y, z;
        1:   25:    scanf("%d %d %d", &x, &y, &z);
        1:   26:    int m = mid(x,y,z);
        1:   27:    printf("Middle number is %d\n", m);
        -:   28:}
        -:   29:
